::1 - - [15/May/2024:15:55:05 +0000] "GET / HTTP/1.1" 304 - "-" "Mozilla/5.0 (Macintosh; Intel Mac OS X 10_15_7) AppleWebKit/537.36 (KHTML, like Gecko) Chrome/124.0.0.0 Safari/537.36"
::1 - - [15/May/2024:15:59:35 +0000] "GET / HTTP/1.1" 304 - "-" "Mozilla/5.0 (Macintosh; Intel Mac OS X 10_15_7) AppleWebKit/537.36 (KHTML, like Gecko) Chrome/124.0.0.0 Safari/537.36"
::1 - - [15/May/2024:16:07:41 +0000] "GET / HTTP/1.1" 304 - "-" "Mozilla/5.0 (Macintosh; Intel Mac OS X 10_15_7) AppleWebKit/537.36 (KHTML, like Gecko) Chrome/124.0.0.0 Safari/537.36"
::1 - - [15/May/2024:16:07:46 +0000] "GET /jjj HTTP/1.1" 404 248 "-" "Mozilla/5.0 (Macintosh; Intel Mac OS X 10_15_7) AppleWebKit/537.36 (KHTML, like Gecko) Chrome/124.0.0.0 Safari/537.36"
::1 - - [15/May/2024:16:08:24 +0000] "GET /jjj HTTP/1.1" 404 288 "-" "Mozilla/5.0 (Macintosh; Intel Mac OS X 10_15_7) AppleWebKit/537.36 (KHTML, like Gecko) Chrome/124.0.0.0 Safari/537.36"
::1 - - [15/May/2024:16:23:08 +0000] "GET /error HTTP/1.1" 404 288 "-" "Mozilla/5.0 (Macintosh; Intel Mac OS X 10_15_7) AppleWebKit/537.36 (KHTML, like Gecko) Chrome/124.0.0.0 Safari/537.36"
::1 - - [15/May/2024:16:25:09 +0000] "GET /error HTTP/1.1" 404 288 "-" "Mozilla/5.0 (Macintosh; Intel Mac OS X 10_15_7) AppleWebKit/537.36 (KHTML, like Gecko) Chrome/124.0.0.0 Safari/537.36"
::1 - - [15/May/2024:16:25:32 +0000] "GET /error HTTP/1.1" 404 288 "-" "Mozilla/5.0 (Macintosh; Intel Mac OS X 10_15_7) AppleWebKit/537.36 (KHTML, like Gecko) Chrome/124.0.0.0 Safari/537.36"
::1 - - [15/May/2024:16:25:37 +0000] "GET / HTTP/1.1" 304 - "-" "Mozilla/5.0 (Macintosh; Intel Mac OS X 10_15_7) AppleWebKit/537.36 (KHTML, like Gecko) Chrome/124.0.0.0 Safari/537.36"
::1 - - [15/May/2024:16:25:43 +0000] "GET /error HTTP/1.1" 404 288 "-" "Mozilla/5.0 (Macintosh; Intel Mac OS X 10_15_7) AppleWebKit/537.36 (KHTML, like Gecko) Chrome/124.0.0.0 Safari/537.36"
::1 - - [15/May/2024:16:27:06 +0000] "GET /error HTTP/1.1" 404 288 "-" "Mozilla/5.0 (Macintosh; Intel Mac OS X 10_15_7) AppleWebKit/537.36 (KHTML, like Gecko) Chrome/124.0.0.0 Safari/537.36"
::1 - - [15/May/2024:16:28:19 +0000] "GET /error HTTP/1.1" 404 288 "-" "Mozilla/5.0 (Macintosh; Intel Mac OS X 10_15_7) AppleWebKit/537.36 (KHTML, like Gecko) Chrome/124.0.0.0 Safari/537.36"
::1 - - [15/May/2024:16:28:20 +0000] "GET /error HTTP/1.1" 404 288 "-" "Mozilla/5.0 (Macintosh; Intel Mac OS X 10_15_7) AppleWebKit/537.36 (KHTML, like Gecko) Chrome/124.0.0.0 Safari/537.36"
::1 - - [15/May/2024:16:35:33 +0000] "GET /simulate-error HTTP/1.1" 404 288 "-" "Mozilla/5.0 (Macintosh; Intel Mac OS X 10_15_7) AppleWebKit/537.36 (KHTML, like Gecko) Chrome/124.0.0.0 Safari/537.36"
::1 - - [15/May/2024:16:40:54 +0000] "GET /simulate-error HTTP/1.1" 404 288 "-" "Mozilla/5.0 (Macintosh; Intel Mac OS X 10_15_7) AppleWebKit/537.36 (KHTML, like Gecko) Chrome/124.0.0.0 Safari/537.36"
::1 - - [15/May/2024:16:40:56 +0000] "GET /simulate-error HTTP/1.1" 404 288 "-" "Mozilla/5.0 (Macintosh; Intel Mac OS X 10_15_7) AppleWebKit/537.36 (KHTML, like Gecko) Chrome/124.0.0.0 Safari/537.36"
::1 - - [15/May/2024:16:40:57 +0000] "GET /simulate-error HTTP/1.1" 404 288 "-" "Mozilla/5.0 (Macintosh; Intel Mac OS X 10_15_7) AppleWebKit/537.36 (KHTML, like Gecko) Chrome/124.0.0.0 Safari/537.36"
::1 - - [15/May/2024:16:42:33 +0000] "GET /simulate-error HTTP/1.1" 404 288 "-" "Mozilla/5.0 (Macintosh; Intel Mac OS X 10_15_7) AppleWebKit/537.36 (KHTML, like Gecko) Chrome/124.0.0.0 Safari/537.36"
::1 - - [15/May/2024:16:42:35 +0000] "GET /simulate-error HTTP/1.1" 404 288 "-" "Mozilla/5.0 (Macintosh; Intel Mac OS X 10_15_7) AppleWebKit/537.36 (KHTML, like Gecko) Chrome/124.0.0.0 Safari/537.36"
::1 - - [15/May/2024:16:42:35 +0000] "GET /simulate-error HTTP/1.1" 404 288 "-" "Mozilla/5.0 (Macintosh; Intel Mac OS X 10_15_7) AppleWebKit/537.36 (KHTML, like Gecko) Chrome/124.0.0.0 Safari/537.36"
::1 - - [15/May/2024:16:44:14 +0000] "GET /simulate-error HTTP/1.1" 404 288 "-" "Mozilla/5.0 (Macintosh; Intel Mac OS X 10_15_7) AppleWebKit/537.36 (KHTML, like Gecko) Chrome/124.0.0.0 Safari/537.36"
::1 - - [15/May/2024:16:44:16 +0000] "GET /simulate-error HTTP/1.1" 404 288 "-" "Mozilla/5.0 (Macintosh; Intel Mac OS X 10_15_7) AppleWebKit/537.36 (KHTML, like Gecko) Chrome/124.0.0.0 Safari/537.36"
::1 - - [15/May/2024:16:54:28 +0000] "GET /simulate-error HTTP/1.1" 404 288 "-" "Mozilla/5.0 (Macintosh; Intel Mac OS X 10_15_7) AppleWebKit/537.36 (KHTML, like Gecko) Chrome/124.0.0.0 Safari/537.36"
::1 - - [15/May/2024:18:15:11 +0000] "GET /simulate-error HTTP/1.1" 404 288 "-" "Mozilla/5.0 (Macintosh; Intel Mac OS X 10_15_7) AppleWebKit/537.36 (KHTML, like Gecko) Chrome/124.0.0.0 Safari/537.36"
::1 - - [15/May/2024:18:16:13 +0000] "GET /simulate-error HTTP/1.1" 404 288 "-" "Mozilla/5.0 (Macintosh; Intel Mac OS X 10_15_7) AppleWebKit/537.36 (KHTML, like Gecko) Chrome/124.0.0.0 Safari/537.36"
::1 - - [15/May/2024:18:16:14 +0000] "GET /simulate-error HTTP/1.1" 404 288 "-" "Mozilla/5.0 (Macintosh; Intel Mac OS X 10_15_7) AppleWebKit/537.36 (KHTML, like Gecko) Chrome/124.0.0.0 Safari/537.36"
::1 - - [15/May/2024:18:18:06 +0000] "GET /simulate-error HTTP/1.1" 404 288 "-" "Mozilla/5.0 (Macintosh; Intel Mac OS X 10_15_7) AppleWebKit/537.36 (KHTML, like Gecko) Chrome/124.0.0.0 Safari/537.36"
::1 - - [15/May/2024:18:34:44 +0000] "GET /simulate-error HTTP/1.1" 404 288 "-" "Mozilla/5.0 (Macintosh; Intel Mac OS X 10_15_7) AppleWebKit/537.36 (KHTML, like Gecko) Chrome/124.0.0.0 Safari/537.36"
::1 - - [15/May/2024:18:34:54 +0000] "GET / HTTP/1.1" 304 - "-" "Mozilla/5.0 (Macintosh; Intel Mac OS X 10_15_7) AppleWebKit/537.36 (KHTML, like Gecko) Chrome/124.0.0.0 Safari/537.36"
::1 - - [15/May/2024:18:35:39 +0000] "GET / HTTP/1.1" 304 - "-" "Mozilla/5.0 (Macintosh; Intel Mac OS X 10_15_7) AppleWebKit/537.36 (KHTML, like Gecko) Chrome/124.0.0.0 Safari/537.36"
::1 - - [15/May/2024:18:42:48 +0000] "GET / HTTP/1.1" 304 - "http://localhost:3600/" "Mozilla/5.0 (Macintosh; Intel Mac OS X 10_15_7) AppleWebKit/537.36 (KHTML, like Gecko) Chrome/124.0.0.0 Safari/537.36"
::1 - - [15/May/2024:18:43:14 +0000] "GET / HTTP/1.1" 304 - "http://localhost:3600/" "Mozilla/5.0 (Macintosh; Intel Mac OS X 10_15_7) AppleWebKit/537.36 (KHTML, like Gecko) Chrome/124.0.0.0 Safari/537.36"
::1 - - [15/May/2024:18:44:15 +0000] "OPTIONS / HTTP/1.1" 200 48 "https://www.google.com/" "Mozilla/5.0 (Macintosh; Intel Mac OS X 10_15_7) AppleWebKit/537.36 (KHTML, like Gecko) Chrome/124.0.0.0 Safari/537.36"
::1 - - [15/May/2024:18:44:15 +0000] "GET / HTTP/1.1" 200 48 "https://www.google.com/" "Mozilla/5.0 (Macintosh; Intel Mac OS X 10_15_7) AppleWebKit/537.36 (KHTML, like Gecko) Chrome/124.0.0.0 Safari/537.36"
::1 - - [15/May/2024:19:52:24 +0000] "GET / HTTP/1.1" 304 - "-" "Mozilla/5.0 (Macintosh; Intel Mac OS X 10_15_7) AppleWebKit/537.36 (KHTML, like Gecko) Chrome/124.0.0.0 Safari/537.36"
::1 - - [16/May/2024:16:17:37 +0000] "GET / HTTP/1.1" 304 - "-" "Mozilla/5.0 (Macintosh; Intel Mac OS X 10_15_7) AppleWebKit/537.36 (KHTML, like Gecko) Chrome/124.0.0.0 Safari/537.36"
::1 - - [16/May/2024:19:31:00 +0000] "POST /user HTTP/1.1" 201 37 "-" "PostmanRuntime/7.36.3"
::1 - - [16/May/2024:19:33:54 +0000] "POST /user HTTP/1.1" 201 37 "-" "PostmanRuntime/7.36.3"
::1 - - [16/May/2024:19:36:33 +0000] "POST /user HTTP/1.1" 200 88 "-" "PostmanRuntime/7.36.3"
::1 - - [16/May/2024:19:36:41 +0000] "POST /user HTTP/1.1" 400 37 "-" "PostmanRuntime/7.36.3"
::1 - - [16/May/2024:19:37:00 +0000] "POST /user HTTP/1.1" 201 37 "-" "PostmanRuntime/7.36.3"
::1 - - [16/May/2024:19:38:57 +0000] "POST /user HTTP/1.1" 201 37 "-" "PostmanRuntime/7.36.3"
::1 - - [16/May/2024:19:41:11 +0000] "POST /user HTTP/1.1" 201 37 "-" "PostmanRuntime/7.36.3"
::1 - - [16/May/2024:19:41:40 +0000] "POST /user HTTP/1.1" 201 37 "-" "PostmanRuntime/7.36.3"
::1 - - [16/May/2024:19:43:26 +0000] "POST /user HTTP/1.1" 201 37 "-" "PostmanRuntime/7.36.3"
::1 - - [16/May/2024:19:46:48 +0000] "GET / HTTP/1.1" 304 - "-" "Mozilla/5.0 (Macintosh; Intel Mac OS X 10_15_7) AppleWebKit/537.36 (KHTML, like Gecko) Chrome/124.0.0.0 Safari/537.36"
::1 - - [17/May/2024:18:26:32 +0000] "GET / HTTP/1.1" 200 250 "-" "Mozilla/5.0 (Macintosh; Intel Mac OS X 10_15_7) AppleWebKit/537.36 (KHTML, like Gecko) Chrome/124.0.0.0 Safari/537.36"
::1 - - [17/May/2024:18:27:02 +0000] "GET / HTTP/1.1" 200 235 "-" "Mozilla/5.0 (Macintosh; Intel Mac OS X 10_15_7) AppleWebKit/537.36 (KHTML, like Gecko) Chrome/124.0.0.0 Safari/537.36"
::1 - - [17/May/2024:18:32:42 +0000] "POST /user HTTP/1.1" 201 37 "-" "PostmanRuntime/7.36.3"
::1 - - [21/May/2024:17:16:08 +0000] "POST /user HTTP/1.1" 409 41 "-" "PostmanRuntime/7.36.3"
::1 - - [21/May/2024:17:17:49 +0000] "POST /user HTTP/1.1" 409 32 "-" "PostmanRuntime/7.36.3"
::1 - - [21/May/2024:17:17:54 +0000] "POST /user HTTP/1.1" 409 29 "-" "PostmanRuntime/7.36.3"
::1 - - [21/May/2024:17:18:05 +0000] "POST /user HTTP/1.1" 409 32 "-" "PostmanRuntime/7.36.3"
::1 - - [21/May/2024:17:19:51 +0000] "POST /user HTTP/1.1" 201 38 "-" "PostmanRuntime/7.36.3"
::1 - - [21/May/2024:18:09:18 +0000] "GET / HTTP/1.1" 200 235 "-" "Mozilla/5.0 (Macintosh; Intel Mac OS X 10_15_7) AppleWebKit/537.36 (KHTML, like Gecko) Chrome/124.0.0.0 Safari/537.36"
::1 - - [21/May/2024:18:09:19 +0000] "GET /favicon.ico HTTP/1.1" 404 288 "http://localhost:3600/" "Mozilla/5.0 (Macintosh; Intel Mac OS X 10_15_7) AppleWebKit/537.36 (KHTML, like Gecko) Chrome/124.0.0.0 Safari/537.36"
::1 - - [21/May/2024:19:59:29 +0000] "POST /user HTTP/1.1" 409 32 "-" "PostmanRuntime/7.36.3"
::1 - - [22/May/2024:17:17:18 +0000] "POST /user HTTP/1.1" 201 38 "-" "PostmanRuntime/7.36.3"
::1 - - [22/May/2024:17:35:55 +0000] "PATCH /user/update-username HTTP/1.1" 200 29 "-" "PostmanRuntime/7.36.3"
::1 - - [22/May/2024:17:36:07 +0000] "PATCH /user/update-username HTTP/1.1" 200 30 "-" "PostmanRuntime/7.36.3"
::1 - - [22/May/2024:17:38:34 +0000] "PATCH /user/update-username HTTP/1.1" 200 30 "-" "PostmanRuntime/7.36.3"
::1 - - [22/May/2024:17:38:37 +0000] "PATCH /user/update-username HTTP/1.1" 200 30 "-" "PostmanRuntime/7.36.3"
::1 - - [22/May/2024:18:04:52 +0000] "PATCH /user/update-username HTTP/1.1" 200 72 "-" "PostmanRuntime/7.36.3"
::1 - - [22/May/2024:18:05:02 +0000] "PATCH /user/update-username HTTP/1.1" 200 85 "-" "PostmanRuntime/7.36.3"
::1 - - [22/May/2024:18:07:06 +0000] "PATCH /user/update-username HTTP/1.1" 409 85 "-" "PostmanRuntime/7.36.3"
::1 - - [22/May/2024:18:07:42 +0000] "PATCH /user/update-username HTTP/1.1" 200 72 "-" "PostmanRuntime/7.36.3"
::1 - - [22/May/2024:18:07:51 +0000] "PATCH /user/update-username HTTP/1.1" 409 85 "-" "PostmanRuntime/7.36.3"
::1 - - [22/May/2024:18:09:00 +0000] "PATCH /user/update-username HTTP/1.1" 409 85 "-" "PostmanRuntime/7.36.3"
::1 - - [22/May/2024:18:09:04 +0000] "PATCH /user/update-username HTTP/1.1" 409 85 "-" "PostmanRuntime/7.36.3"
::1 - - [22/May/2024:18:09:10 +0000] "PATCH /user/update-username HTTP/1.1" 409 85 "-" "PostmanRuntime/7.36.3"
::1 - - [22/May/2024:18:09:17 +0000] "PATCH /user/update-username HTTP/1.1" 409 85 "-" "PostmanRuntime/7.36.3"
::1 - - [22/May/2024:18:12:16 +0000] "PATCH /user/update-username HTTP/1.1" 409 85 "-" "PostmanRuntime/7.36.3"
::1 - - [22/May/2024:18:13:03 +0000] "POST /user/create-username HTTP/1.1" 404 288 "-" "PostmanRuntime/7.36.3"
::1 - - [22/May/2024:18:13:22 +0000] "POST /user/create-user HTTP/1.1" 201 38 "-" "PostmanRuntime/7.36.3"
::1 - - [22/May/2024:18:16:55 +0000] "POST /user/create-user HTTP/1.1" 200 81 "-" "PostmanRuntime/7.36.3"
::1 - - [22/May/2024:18:17:33 +0000] "POST /user/create-user HTTP/1.1" 409 32 "-" "PostmanRuntime/7.36.3"
::1 - - [22/May/2024:18:17:57 +0000] "POST /user/create-user HTTP/1.1" 201 38 "-" "PostmanRuntime/7.36.3"
::1 - - [22/May/2024:18:19:53 +0000] "POST /user/create-user HTTP/1.1" 200 74 "-" "PostmanRuntime/7.36.3"
::1 - - [22/May/2024:18:20:46 +0000] "POST /user/create-user HTTP/1.1" 200 81 "-" "PostmanRuntime/7.36.3"
::1 - - [22/May/2024:18:23:11 +0000] "POST /user/create-user HTTP/1.1" 200 59 "-" "PostmanRuntime/7.36.3"
::1 - - [22/May/2024:18:27:50 +0000] "POST /user/create-user HTTP/1.1" 409 32 "-" "PostmanRuntime/7.36.3"
::1 - - [22/May/2024:18:28:10 +0000] "POST /user/create-user HTTP/1.1" 200 81 "-" "PostmanRuntime/7.36.3"
::1 - - [22/May/2024:18:29:38 +0000] "POST /user/create-user HTTP/1.1" 409 32 "-" "PostmanRuntime/7.36.3"
::1 - - [22/May/2024:18:30:06 +0000] "POST /user/create-user HTTP/1.1" 201 38 "-" "PostmanRuntime/7.36.3"
::1 - - [22/May/2024:18:31:18 +0000] "POST /user/create-user HTTP/1.1" 201 38 "-" "PostmanRuntime/7.36.3"
::1 - - [22/May/2024:18:33:51 +0000] "POST /user/create-user HTTP/1.1" 201 38 "-" "PostmanRuntime/7.36.3"
::1 - - [22/May/2024:18:35:46 +0000] "POST /user/create-user HTTP/1.1" 201 38 "-" "PostmanRuntime/7.36.3"
::1 - - [22/May/2024:18:42:11 +0000] "POST /user/create-user HTTP/1.1" 409 32 "-" "PostmanRuntime/7.36.3"
::1 - - [22/May/2024:18:43:04 +0000] "PATCH /user/update-username HTTP/1.1" 200 139 "-" "PostmanRuntime/7.36.3"
::1 - - [22/May/2024:18:43:13 +0000] "PATCH /user/update-username HTTP/1.1" 400 42 "-" "PostmanRuntime/7.36.3"
::1 - - [22/May/2024:18:43:24 +0000] "PATCH /user/update-username HTTP/1.1" 400 42 "-" "PostmanRuntime/7.36.3"
::1 - - [22/May/2024:18:43:55 +0000] "PATCH /user/update-username HTTP/1.1" 400 42 "-" "PostmanRuntime/7.36.3"
::1 - - [22/May/2024:18:44:23 +0000] "PATCH /user/update-username HTTP/1.1" 400 42 "-" "PostmanRuntime/7.36.3"
::1 - - [22/May/2024:18:44:30 +0000] "PATCH /user/update-username HTTP/1.1" 200 72 "-" "PostmanRuntime/7.36.3"
::1 - - [22/May/2024:18:44:38 +0000] "PATCH /user/update-username HTTP/1.1" 409 85 "-" "PostmanRuntime/7.36.3"
::1 - - [22/May/2024:18:45:00 +0000] "PATCH /user/update-username HTTP/1.1" 409 85 "-" "PostmanRuntime/7.36.3"
::1 - - [22/May/2024:18:46:23 +0000] "PATCH /user/update-username HTTP/1.1" 200 85 "-" "PostmanRuntime/7.36.3"
::1 - - [22/May/2024:18:46:35 +0000] "PATCH /user/update-username HTTP/1.1" 200 72 "-" "PostmanRuntime/7.36.3"
::1 - - [22/May/2024:18:46:41 +0000] "PATCH /user/update-username HTTP/1.1" 200 85 "-" "PostmanRuntime/7.36.3"
::1 - - [22/May/2024:18:49:02 +0000] "PATCH /user/update-username HTTP/1.1" 500 35 "-" "PostmanRuntime/7.36.3"
::1 - - [22/May/2024:18:50:45 +0000] "PATCH /user/update-username HTTP/1.1" 500 35 "-" "PostmanRuntime/7.36.3"
::1 - - [22/May/2024:18:51:05 +0000] "PATCH /user/update-username HTTP/1.1" 200 30 "-" "PostmanRuntime/7.36.3"
::1 - - [22/May/2024:18:52:12 +0000] "PATCH /user/update-username HTTP/1.1" 200 72 "-" "PostmanRuntime/7.36.3"
::1 - - [22/May/2024:18:52:18 +0000] "PATCH /user/update-username HTTP/1.1" 409 85 "-" "PostmanRuntime/7.36.3"
::1 - - [22/May/2024:18:52:26 +0000] "PATCH /user/update-username HTTP/1.1" 500 35 "-" "PostmanRuntime/7.36.3"
::1 - - [22/May/2024:18:52:31 +0000] "PATCH /user/update-username HTTP/1.1" 409 85 "-" "PostmanRuntime/7.36.3"
::1 - - [22/May/2024:18:53:04 +0000] "POST /user/create-user HTTP/1.1" 201 38 "-" "PostmanRuntime/7.36.3"
::1 - - [22/May/2024:18:53:08 +0000] "PATCH /user/update-username HTTP/1.1" 404 28 "-" "PostmanRuntime/7.36.3"
::1 - - [22/May/2024:18:53:41 +0000] "PATCH /user/update-username HTTP/1.1" 200 72 "-" "PostmanRuntime/7.36.3"
::1 - - [22/May/2024:18:53:48 +0000] "PATCH /user/update-username HTTP/1.1" 500 35 "-" "PostmanRuntime/7.36.3"
::1 - - [22/May/2024:18:55:34 +0000] "PATCH /user/update-username HTTP/1.1" 500 35 "-" "PostmanRuntime/7.36.3"
::1 - - [22/May/2024:18:56:05 +0000] "PATCH /user/update-username HTTP/1.1" 500 35 "-" "PostmanRuntime/7.36.3"
::1 - - [22/May/2024:18:56:45 +0000] "PATCH /user/update-username HTTP/1.1" 500 35 "-" "PostmanRuntime/7.36.3"
::1 - - [22/May/2024:18:57:10 +0000] "PATCH /user/update-username HTTP/1.1" 500 35 "-" "PostmanRuntime/7.36.3"
::1 - - [22/May/2024:18:58:09 +0000] "PATCH /user/update-username HTTP/1.1" 200 72 "-" "PostmanRuntime/7.36.3"
::1 - - [22/May/2024:18:59:32 +0000] "PATCH /user/update-username HTTP/1.1" 500 35 "-" "PostmanRuntime/7.36.3"
::1 - - [22/May/2024:18:59:49 +0000] "PATCH /user/update-username HTTP/1.1" 500 35 "-" "PostmanRuntime/7.36.3"
::1 - - [22/May/2024:19:03:49 +0000] "PATCH /user/update-username HTTP/1.1" 200 30 "-" "PostmanRuntime/7.36.3"
::1 - - [22/May/2024:19:04:24 +0000] "POST /user/create-user HTTP/1.1" 201 38 "-" "PostmanRuntime/7.36.3"
::1 - - [22/May/2024:19:05:00 +0000] "PATCH /user/update-username HTTP/1.1" 200 72 "-" "PostmanRuntime/7.36.3"
::1 - - [22/May/2024:19:05:07 +0000] "PATCH /user/update-username HTTP/1.1" 200 30 "-" "PostmanRuntime/7.36.3"
::1 - - [22/May/2024:19:05:12 +0000] "PATCH /user/update-username HTTP/1.1" 200 30 "-" "PostmanRuntime/7.36.3"
::1 - - [22/May/2024:19:05:18 +0000] "PATCH /user/update-username HTTP/1.1" 200 30 "-" "PostmanRuntime/7.36.3"
::1 - - [22/May/2024:19:06:36 +0000] "POST /user/create-user HTTP/1.1" 201 38 "-" "PostmanRuntime/7.36.3"
::1 - - [22/May/2024:19:07:03 +0000] "PATCH /user/update-username HTTP/1.1" 404 28 "-" "PostmanRuntime/7.36.3"
::1 - - [22/May/2024:19:07:22 +0000] "PATCH /user/update-username HTTP/1.1" 200 30 "-" "PostmanRuntime/7.36.3"
::1 - - [22/May/2024:19:07:44 +0000] "PATCH /user/update-username HTTP/1.1" 200 72 "-" "PostmanRuntime/7.36.3"
::1 - - [22/May/2024:19:07:51 +0000] "PATCH /user/update-username HTTP/1.1" 409 85 "-" "PostmanRuntime/7.36.3"
::1 - - [22/May/2024:19:07:57 +0000] "PATCH /user/update-username HTTP/1.1" 200 30 "-" "PostmanRuntime/7.36.3"
::1 - - [22/May/2024:19:08:54 +0000] "PATCH /user/update-username HTTP/1.1" 200 30 "-" "PostmanRuntime/7.36.3"
::1 - - [22/May/2024:19:21:48 +0000] "PATCH /user/update-username HTTP/1.1" 200 72 "-" "PostmanRuntime/7.36.3"
::1 - - [22/May/2024:19:31:51 +0000] "PATCH /user/update-email HTTP/1.1" 200 69 "-" "PostmanRuntime/7.36.3"
::1 - - [22/May/2024:19:31:58 +0000] "PATCH /user/update-email HTTP/1.1" 200 27 "-" "PostmanRuntime/7.36.3"
::1 - - [22/May/2024:19:32:46 +0000] "PATCH /user/update-email HTTP/1.1" 404 28 "-" "PostmanRuntime/7.36.3"
::1 - - [22/May/2024:19:32:58 +0000] "POST /user/create-user HTTP/1.1" 201 38 "-" "PostmanRuntime/7.36.3"
::1 - - [22/May/2024:19:34:11 +0000] "PATCH /user/update-username HTTP/1.1" 200 72 "-" "PostmanRuntime/7.36.3"
::1 - - [22/May/2024:19:34:17 +0000] "PATCH /user/update-email HTTP/1.1" 200 27 "-" "PostmanRuntime/7.36.3"
::1 - - [22/May/2024:19:34:43 +0000] "POST /user/create-user HTTP/1.1" 201 38 "-" "PostmanRuntime/7.36.3"
::1 - - [22/May/2024:19:35:10 +0000] "PATCH /user/update-username HTTP/1.1" 200 72 "-" "PostmanRuntime/7.36.3"
::1 - - [22/May/2024:19:35:18 +0000] "PATCH /user/update-email HTTP/1.1" 200 69 "-" "PostmanRuntime/7.36.3"
::1 - - [22/May/2024:19:35:28 +0000] "PATCH /user/update-username HTTP/1.1" 200 72 "-" "PostmanRuntime/7.36.3"
::1 - - [22/May/2024:19:35:38 +0000] "PATCH /user/update-email HTTP/1.1" 200 27 "-" "PostmanRuntime/7.36.3"
::1 - - [22/May/2024:19:35:43 +0000] "PATCH /user/update-username HTTP/1.1" 200 30 "-" "PostmanRuntime/7.36.3"
::1 - - [22/May/2024:19:42:22 +0000] "POST /user/create-user HTTP/1.1" 500 35 "-" "PostmanRuntime/7.36.3"
::1 - - [22/May/2024:19:42:56 +0000] "POST /user/create-user HTTP/1.1" 500 35 "-" "PostmanRuntime/7.36.3"
::1 - - [22/May/2024:19:44:23 +0000] "POST /user/create-user HTTP/1.1" 201 38 "-" "PostmanRuntime/7.36.3"
::1 - - [22/May/2024:19:45:12 +0000] "PATCH /user/update-username HTTP/1.1" 500 35 "-" "PostmanRuntime/7.36.3"
::1 - - [22/May/2024:19:45:21 +0000] "PATCH /user/update-email HTTP/1.1" 500 35 "-" "PostmanRuntime/7.36.3"
::1 - - [22/May/2024:19:47:44 +0000] "POST /user/create-user HTTP/1.1" 201 38 "-" "PostmanRuntime/7.36.3"
::1 - - [22/May/2024:19:48:50 +0000] "POST /user/create-user HTTP/1.1" 201 38 "-" "PostmanRuntime/7.36.3"
::1 - - [22/May/2024:19:49:14 +0000] "PATCH /user/update-username HTTP/1.1" 200 30 "-" "PostmanRuntime/7.36.3"
::1 - - [22/May/2024:19:49:21 +0000] "PATCH /user/update-email HTTP/1.1" 200 27 "-" "PostmanRuntime/7.36.3"
::1 - - [22/May/2024:19:50:44 +0000] "PATCH /user/update-email HTTP/1.1" 200 69 "-" "PostmanRuntime/7.36.3"
::1 - - [22/May/2024:19:50:49 +0000] "PATCH /user/update-email HTTP/1.1" 500 35 "-" "PostmanRuntime/7.36.3"
::1 - - [22/May/2024:19:51:18 +0000] "PATCH /user/update-email HTTP/1.1" 500 35 "-" "PostmanRuntime/7.36.3"
::1 - - [22/May/2024:19:51:29 +0000] "PATCH /user/update-email HTTP/1.1" 500 35 "-" "PostmanRuntime/7.36.3"
::1 - - [22/May/2024:19:52:16 +0000] "PATCH /user/update-username HTTP/1.1" 200 72 "-" "PostmanRuntime/7.36.3"
::1 - - [22/May/2024:19:52:22 +0000] "PATCH /user/update-username HTTP/1.1" 409 85 "-" "PostmanRuntime/7.36.3"
::1 - - [22/May/2024:19:52:28 +0000] "PATCH /user/update-username HTTP/1.1" 409 85 "-" "PostmanRuntime/7.36.3"
::1 - - [22/May/2024:19:52:29 +0000] "PATCH /user/update-username HTTP/1.1" 409 85 "-" "PostmanRuntime/7.36.3"
::1 - - [22/May/2024:19:52:32 +0000] "PATCH /user/update-username HTTP/1.1" 200 72 "-" "PostmanRuntime/7.36.3"
::1 - - [22/May/2024:19:52:38 +0000] "PATCH /user/update-username HTTP/1.1" 500 35 "-" "PostmanRuntime/7.36.3"
::1 - - [22/May/2024:19:53:16 +0000] "PATCH /user/update-username HTTP/1.1" 200 30 "-" "PostmanRuntime/7.36.3"
::1 - - [22/May/2024:19:53:21 +0000] "PATCH /user/update-email HTTP/1.1" 409 79 "-" "PostmanRuntime/7.36.3"
::1 - - [22/May/2024:19:53:26 +0000] "PATCH /user/update-email HTTP/1.1" 200 69 "-" "PostmanRuntime/7.36.3"
::1 - - [22/May/2024:19:53:30 +0000] "PATCH /user/update-username HTTP/1.1" 200 72 "-" "PostmanRuntime/7.36.3"
::1 - - [22/May/2024:19:53:34 +0000] "PATCH /user/update-username HTTP/1.1" 409 85 "-" "PostmanRuntime/7.36.3"
::1 - - [22/May/2024:19:53:38 +0000] "PATCH /user/update-username HTTP/1.1" 200 72 "-" "PostmanRuntime/7.36.3"
::1 - - [22/May/2024:19:53:44 +0000] "PATCH /user/update-username HTTP/1.1" 200 30 "-" "PostmanRuntime/7.36.3"
::1 - - [22/May/2024:19:55:10 +0000] "PATCH /user/update-username HTTP/1.1" 200 72 "-" "PostmanRuntime/7.36.3"
::1 - - [22/May/2024:19:55:15 +0000] "PATCH /user/update-username HTTP/1.1" 200 30 "-" "PostmanRuntime/7.36.3"
::1 - - [22/May/2024:19:56:37 +0000] "POST /user/create-user HTTP/1.1" 201 38 "-" "PostmanRuntime/7.36.3"
::1 - - [22/May/2024:19:57:11 +0000] "PATCH /user/update-username HTTP/1.1" 200 30 "-" "PostmanRuntime/7.36.3"
::1 - - [22/May/2024:19:59:34 +0000] "PATCH /user/update-username HTTP/1.1" 200 72 "-" "PostmanRuntime/7.36.3"
::1 - - [22/May/2024:19:59:39 +0000] "PATCH /user/update-email HTTP/1.1" 404 28 "-" "PostmanRuntime/7.36.3"
::1 - - [22/May/2024:19:59:47 +0000] "PATCH /user/update-username HTTP/1.1" 500 35 "-" "PostmanRuntime/7.36.3"
::1 - - [22/May/2024:20:05:46 +0000] "PATCH /user/update-username HTTP/1.1" 500 35 "-" "PostmanRuntime/7.36.3"
::1 - - [22/May/2024:20:09:35 +0000] "PATCH /user/update-username HTTP/1.1" 500 35 "-" "PostmanRuntime/7.36.3"
::1 - - [22/May/2024:20:12:26 +0000] "POST /user/create-user HTTP/1.1" 409 29 "-" "PostmanRuntime/7.36.3"
::1 - - [22/May/2024:20:12:57 +0000] "POST /user/create-user HTTP/1.1" 201 38 "-" "PostmanRuntime/7.36.3"
::1 - - [22/May/2024:20:13:34 +0000] "PATCH /user/update-username HTTP/1.1" 500 35 "-" "PostmanRuntime/7.36.3"
::1 - - [22/May/2024:20:14:43 +0000] "PATCH /user/update-username HTTP/1.1" 500 35 "-" "PostmanRuntime/7.36.3"
::1 - - [22/May/2024:20:15:36 +0000] "PATCH /user/update-username HTTP/1.1" 500 35 "-" "PostmanRuntime/7.36.3"
::1 - - [22/May/2024:20:17:13 +0000] "PATCH /user/update-username HTTP/1.1" 500 35 "-" "PostmanRuntime/7.36.3"
::1 - - [22/May/2024:20:19:10 +0000] "PATCH /user/update-username HTTP/1.1" 500 35 "-" "PostmanRuntime/7.36.3"
::1 - - [22/May/2024:20:20:16 +0000] "PATCH /user/update-username HTTP/1.1" 500 35 "-" "PostmanRuntime/7.36.3"
::1 - - [22/May/2024:20:21:04 +0000] "PATCH /user/update-username HTTP/1.1" 500 35 "-" "PostmanRuntime/7.36.3"
::1 - - [22/May/2024:20:21:32 +0000] "PATCH /user/update-username HTTP/1.1" 500 35 "-" "PostmanRuntime/7.36.3"
::1 - - [22/May/2024:20:22:59 +0000] "PATCH /user/update-username HTTP/1.1" 500 35 "-" "PostmanRuntime/7.36.3"
::1 - - [22/May/2024:20:25:29 +0000] "PATCH /user/update-username HTTP/1.1" 500 35 "-" "PostmanRuntime/7.36.3"
::1 - - [22/May/2024:20:28:03 +0000] "PATCH /user/update-username HTTP/1.1" 500 35 "-" "PostmanRuntime/7.36.3"
::1 - - [22/May/2024:20:28:47 +0000] "POST /user/create-user HTTP/1.1" 201 38 "-" "PostmanRuntime/7.36.3"
::1 - - [22/May/2024:20:28:52 +0000] "PATCH /user/update-username HTTP/1.1" 500 35 "-" "PostmanRuntime/7.36.3"
::1 - - [22/May/2024:20:29:37 +0000] "PATCH /user/update-username HTTP/1.1" 500 35 "-" "PostmanRuntime/7.36.3"
::1 - - [22/May/2024:20:31:16 +0000] "POST /user/create-user HTTP/1.1" 201 38 "-" "PostmanRuntime/7.36.3"
::1 - - [22/May/2024:20:31:47 +0000] "PATCH /user/update-username HTTP/1.1" 200 30 "-" "PostmanRuntime/7.36.3"
::1 - - [22/May/2024:20:32:00 +0000] "PATCH /user/update-email HTTP/1.1" 200 27 "-" "PostmanRuntime/7.36.3"
::1 - - [22/May/2024:20:32:03 +0000] "PATCH /user/update-email HTTP/1.1" 200 69 "-" "PostmanRuntime/7.36.3"
::1 - - [22/May/2024:20:32:06 +0000] "PATCH /user/update-username HTTP/1.1" 200 72 "-" "PostmanRuntime/7.36.3"
::1 - - [22/May/2024:20:34:00 +0000] "PATCH /user/update-username HTTP/1.1" 200 72 "-" "PostmanRuntime/7.36.3"
::1 - - [22/May/2024:20:34:06 +0000] "PATCH /user/update-username HTTP/1.1" 200 30 "-" "PostmanRuntime/7.36.3"
::1 - - [22/May/2024:20:34:30 +0000] "POST /user/create-user HTTP/1.1" 201 38 "-" "PostmanRuntime/7.36.3"
::1 - - [22/May/2024:20:35:02 +0000] "PATCH /user/update-username HTTP/1.1" 200 30 "-" "PostmanRuntime/7.36.3"
::1 - - [22/May/2024:21:11:03 +0000] "PATCH /user/update-username HTTP/1.1" 200 72 "-" "PostmanRuntime/7.36.3"
::1 - - [22/May/2024:21:12:03 +0000] "PATCH /user/update-username HTTP/1.1" 200 72 "-" "PostmanRuntime/7.36.3"
::1 - - [22/May/2024:21:12:10 +0000] "PATCH /user/update-username HTTP/1.1" 200 30 "-" "PostmanRuntime/7.36.3"
::1 - - [22/May/2024:21:14:02 +0000] "PATCH /user/update-username HTTP/1.1" 200 72 "-" "PostmanRuntime/7.36.3"
::1 - - [22/May/2024:21:14:17 +0000] "PATCH /user/update-username HTTP/1.1" 200 30 "-" "PostmanRuntime/7.36.3"
::1 - - [23/May/2024:17:16:17 +0000] "PATCH /user/update-username HTTP/1.1" 200 72 "-" "PostmanRuntime/7.36.3"
::1 - - [23/May/2024:17:16:30 +0000] "PATCH /user/update-username HTTP/1.1" 409 85 "-" "PostmanRuntime/7.36.3"
::1 - - [23/May/2024:17:16:36 +0000] "PATCH /user/update-username HTTP/1.1" 200 30 "-" "PostmanRuntime/7.36.3"
::1 - - [23/May/2024:17:49:30 +0000] "PATCH /user/update-username HTTP/1.1" 200 30 "-" "PostmanRuntime/7.36.3"
::1 - - [23/May/2024:17:59:14 +0000] "PATCH /user/update-username HTTP/1.1" 200 30 "-" "PostmanRuntime/7.36.3"
::1 - - [23/May/2024:18:01:03 +0000] "PATCH /user/update-username HTTP/1.1" 200 30 "-" "PostmanRuntime/7.36.3"
::1 - - [23/May/2024:18:02:06 +0000] "PATCH /user/update-username HTTP/1.1" 200 30 "-" "PostmanRuntime/7.36.3"
::1 - - [23/May/2024:18:05:05 +0000] "PATCH /user/update-username HTTP/1.1" 409 85 "-" "PostmanRuntime/7.36.3"
::1 - - [23/May/2024:18:05:09 +0000] "PATCH /user/update-username HTTP/1.1" 200 30 "-" "PostmanRuntime/7.36.3"
::1 - - [23/May/2024:18:05:29 +0000] "PATCH /user/update-email HTTP/1.1" 404 28 "-" "PostmanRuntime/7.36.3"
::1 - - [23/May/2024:18:05:41 +0000] "PATCH /user/update-email HTTP/1.1" 200 27 "-" "PostmanRuntime/7.36.3"
::1 - - [23/May/2024:18:08:34 +0000] "PATCH /user/update-email HTTP/1.1" 200 27 "-" "PostmanRuntime/7.36.3"
::1 - - [23/May/2024:18:26:30 +0000] "PATCH /user/update-email HTTP/1.1" 200 27 "-" "PostmanRuntime/7.36.3"
::1 - - [23/May/2024:18:36:43 +0000] "DELETE /user/delete-user HTTP/1.1" 400 28 "-" "PostmanRuntime/7.36.3"
::1 - - [23/May/2024:18:37:52 +0000] "POST /user/create-user HTTP/1.1" 201 38 "-" "PostmanRuntime/7.36.3"
::1 - - [23/May/2024:18:38:29 +0000] "PATCH /user/update-username HTTP/1.1" 200 30 "-" "PostmanRuntime/7.36.3"
::1 - - [23/May/2024:18:38:40 +0000] "PATCH /user/update-email HTTP/1.1" 200 27 "-" "PostmanRuntime/7.36.3"
::1 - - [23/May/2024:18:39:31 +0000] "DELETE /user/delete-user HTTP/1.1" 200 46 "-" "PostmanRuntime/7.36.3"
::1 - - [23/May/2024:18:43:32 +0000] "POST /user/create-user HTTP/1.1" 201 38 "-" "PostmanRuntime/7.36.3"
::1 - - [23/May/2024:18:44:20 +0000] "PATCH /user/update-username HTTP/1.1" 200 30 "-" "PostmanRuntime/7.36.3"
::1 - - [23/May/2024:18:44:29 +0000] "PATCH /user/update-email HTTP/1.1" 200 27 "-" "PostmanRuntime/7.36.3"
::1 - - [23/May/2024:18:44:59 +0000] "DELETE /user/delete-user HTTP/1.1" 200 46 "-" "PostmanRuntime/7.36.3"
::1 - - [23/May/2024:18:56:04 +0000] "GET / HTTP/1.1" 304 - "-" "Mozilla/5.0 (Macintosh; Intel Mac OS X 10_15_7) AppleWebKit/537.36 (KHTML, like Gecko) Chrome/124.0.0.0 Safari/537.36"
::1 - - [23/May/2024:19:05:00 +0000] "POST /user/create-user HTTP/1.1" 201 38 "-" "PostmanRuntime/7.36.3"
::1 - - [23/May/2024:19:05:42 +0000] "PATCH /user/update-username HTTP/1.1" 200 30 "-" "PostmanRuntime/7.36.3"
::1 - - [23/May/2024:19:05:50 +0000] "PATCH /user/update-email HTTP/1.1" 200 27 "-" "PostmanRuntime/7.36.3"
::1 - - [23/May/2024:19:06:09 +0000] "DELETE /user/delete-user HTTP/1.1" 200 46 "-" "PostmanRuntime/7.36.3"
::1 - - [27/May/2024:16:04:25 +0000] "DELETE /user/delete-user HTTP/1.1" 400 28 "-" "PostmanRuntime/7.36.3"
::1 - - [27/May/2024:16:05:06 +0000] "POST /user/create-user HTTP/1.1" 201 38 "-" "PostmanRuntime/7.36.3"
::1 - - [27/May/2024:16:05:10 +0000] "PATCH /user/update-username HTTP/1.1" 404 28 "-" "PostmanRuntime/7.36.3"
::1 - - [27/May/2024:16:05:46 +0000] "PATCH /user/update-username HTTP/1.1" 200 30 "-" "PostmanRuntime/7.36.3"
::1 - - [27/May/2024:16:05:57 +0000] "PATCH /user/update-email HTTP/1.1" 200 27 "-" "PostmanRuntime/7.36.3"
::1 - - [27/May/2024:16:06:30 +0000] "DELETE /user/delete-user HTTP/1.1" 200 46 "-" "PostmanRuntime/7.36.3"
::1 - - [27/May/2024:16:09:46 +0000] "POST /user/create-user HTTP/1.1" 201 38 "-" "PostmanRuntime/7.36.3"
::1 - - [27/May/2024:16:10:12 +0000] "PATCH /user/update-username HTTP/1.1" 200 30 "-" "PostmanRuntime/7.36.3"
::1 - - [27/May/2024:16:10:20 +0000] "PATCH /user/update-email HTTP/1.1" 200 27 "-" "PostmanRuntime/7.36.3"
::1 - - [27/May/2024:16:10:26 +0000] "DELETE /user/delete-user HTTP/1.1" 200 46 "-" "PostmanRuntime/7.36.3"
::1 - - [27/May/2024:16:12:16 +0000] "POST /user/create-user HTTP/1.1" 201 38 "-" "PostmanRuntime/7.36.3"
::1 - - [27/May/2024:16:12:47 +0000] "PATCH /user/update-username HTTP/1.1" 200 30 "-" "PostmanRuntime/7.36.3"
::1 - - [27/May/2024:16:12:53 +0000] "PATCH /user/update-email HTTP/1.1" 200 27 "-" "PostmanRuntime/7.36.3"
::1 - - [27/May/2024:16:13:01 +0000] "DELETE /user/delete-user HTTP/1.1" 200 46 "-" "PostmanRuntime/7.36.3"
::1 - - [27/May/2024:16:13:51 +0000] "POST /user/create-user HTTP/1.1" 201 38 "-" "PostmanRuntime/7.36.3"
::1 - - [27/May/2024:16:14:14 +0000] "PATCH /user/update-username HTTP/1.1" 200 30 "-" "PostmanRuntime/7.36.3"
::1 - - [27/May/2024:16:14:20 +0000] "PATCH /user/update-email HTTP/1.1" 200 27 "-" "PostmanRuntime/7.36.3"
::1 - - [27/May/2024:16:14:26 +0000] "DELETE /user/delete-user HTTP/1.1" 200 46 "-" "PostmanRuntime/7.36.3"
::1 - - [27/May/2024:16:15:59 +0000] "POST /user/create-user HTTP/1.1" 201 38 "-" "PostmanRuntime/7.36.3"
::1 - - [27/May/2024:16:16:24 +0000] "PATCH /user/update-username HTTP/1.1" 200 30 "-" "PostmanRuntime/7.36.3"
::1 - - [27/May/2024:16:16:30 +0000] "PATCH /user/update-email HTTP/1.1" 200 27 "-" "PostmanRuntime/7.36.3"
::1 - - [27/May/2024:16:16:37 +0000] "DELETE /user/delete-user HTTP/1.1" 200 46 "-" "PostmanRuntime/7.36.3"
::1 - - [27/May/2024:16:17:15 +0000] "POST /user/create-user HTTP/1.1" 201 38 "-" "PostmanRuntime/7.36.3"
::1 - - [27/May/2024:16:17:27 +0000] "POST /user/create-user HTTP/1.1" 201 35 "-" "PostmanRuntime/7.36.3"
::1 - - [27/May/2024:16:18:12 +0000] "PATCH /user/update-username HTTP/1.1" 200 30 "-" "PostmanRuntime/7.36.3"
::1 - - [27/May/2024:16:18:23 +0000] "PATCH /user/update-email HTTP/1.1" 200 27 "-" "PostmanRuntime/7.36.3"
::1 - - [27/May/2024:16:19:12 +0000] "PATCH /user/update-username HTTP/1.1" 200 30 "-" "PostmanRuntime/7.36.3"
::1 - - [27/May/2024:16:19:21 +0000] "PATCH /user/update-email HTTP/1.1" 200 27 "-" "PostmanRuntime/7.36.3"
::1 - - [27/May/2024:16:19:53 +0000] "DELETE /user/delete-user HTTP/1.1" 200 46 "-" "PostmanRuntime/7.36.3"
::1 - - [27/May/2024:16:24:34 +0000] "POST /user/create-user HTTP/1.1" 201 35 "-" "PostmanRuntime/7.36.3"
::1 - - [27/May/2024:16:25:14 +0000] "PATCH /user/update-username HTTP/1.1" 200 30 "-" "PostmanRuntime/7.36.3"
::1 - - [27/May/2024:16:25:23 +0000] "PATCH /user/update-email HTTP/1.1" 200 27 "-" "PostmanRuntime/7.36.3"
::1 - - [27/May/2024:16:26:16 +0000] "POST /user/create-user HTTP/1.1" 201 36 "-" "PostmanRuntime/7.36.3"
::1 - - [27/May/2024:16:26:28 +0000] "DELETE /user/delete-user HTTP/1.1" 500 35 "-" "PostmanRuntime/7.36.3"
::1 - - [27/May/2024:16:27:06 +0000] "DELETE /user/delete-user HTTP/1.1" 400 28 "-" "PostmanRuntime/7.36.3"
::1 - - [27/May/2024:16:27:56 +0000] "DELETE /user/delete-user HTTP/1.1" 200 60 "-" "PostmanRuntime/7.36.3"
::1 - - [27/May/2024:16:28:25 +0000] "DELETE /user/delete-user HTTP/1.1" 200 57 "-" "PostmanRuntime/7.36.3"
::1 - - [27/May/2024:16:29:30 +0000] "POST /user/create-user HTTP/1.1" 201 36 "-" "PostmanRuntime/7.36.3"
::1 - - [27/May/2024:16:29:39 +0000] "POST /user/create-user HTTP/1.1" 201 35 "-" "PostmanRuntime/7.36.3"
::1 - - [27/May/2024:16:30:46 +0000] "DELETE /user/delete-user HTTP/1.1" 200 56 "-" "PostmanRuntime/7.36.3"
::1 - - [27/May/2024:16:31:38 +0000] "PATCH /user/update-username HTTP/1.1" 200 30 "-" "PostmanRuntime/7.36.3"
::1 - - [27/May/2024:16:31:47 +0000] "PATCH /user/update-email HTTP/1.1" 200 27 "-" "PostmanRuntime/7.36.3"
::1 - - [27/May/2024:16:32:15 +0000] "DELETE /user/delete-user HTTP/1.1" 200 57 "-" "PostmanRuntime/7.36.3"
::1 - - [27/May/2024:16:34:51 +0000] "POST /user/create-user HTTP/1.1" 201 35 "-" "PostmanRuntime/7.36.3"
::1 - - [27/May/2024:16:35:23 +0000] "DELETE /user/delete-user HTTP/1.1" 200 56 "-" "PostmanRuntime/7.36.3"
::1 - - [27/May/2024:16:36:14 +0000] "POST /user/create-user HTTP/1.1" 201 35 "-" "PostmanRuntime/7.36.3"
::1 - - [27/May/2024:16:36:22 +0000] "POST /user/create-user HTTP/1.1" 201 38 "-" "PostmanRuntime/7.36.3"
::1 - - [27/May/2024:16:36:54 +0000] "PATCH /user/update-username HTTP/1.1" 200 30 "-" "PostmanRuntime/7.36.3"
::1 - - [27/May/2024:16:37:04 +0000] "PATCH /user/update-email HTTP/1.1" 200 27 "-" "PostmanRuntime/7.36.3"
::1 - - [27/May/2024:16:37:33 +0000] "DELETE /user/delete-user HTTP/1.1" 200 57 "-" "PostmanRuntime/7.36.3"
::1 - - [27/May/2024:16:38:21 +0000] "DELETE /user/delete-user HTTP/1.1" 200 59 "-" "PostmanRuntime/7.36.3"
::1 - - [27/May/2024:17:41:26 +0000] "POST /user/create-user HTTP/1.1" 201 38 "-" "PostmanRuntime/7.36.3"
::1 - - [27/May/2024:17:42:11 +0000] "PATCH /user/update-username HTTP/1.1" 200 30 "-" "PostmanRuntime/7.36.3"
::1 - - [27/May/2024:17:42:22 +0000] "PATCH /user/update-email HTTP/1.1" 200 27 "-" "PostmanRuntime/7.36.3"
::1 - - [27/May/2024:17:42:46 +0000] "DELETE /user/delete-user HTTP/1.1" 500 35 "-" "PostmanRuntime/7.36.3"
::1 - - [27/May/2024:17:45:20 +0000] "POST /user/create-user HTTP/1.1" 201 38 "-" "PostmanRuntime/7.36.3"
::1 - - [27/May/2024:17:45:55 +0000] "PATCH /user/update-username HTTP/1.1" 200 30 "-" "PostmanRuntime/7.36.3"
::1 - - [27/May/2024:17:46:01 +0000] "PATCH /user/update-email HTTP/1.1" 200 27 "-" "PostmanRuntime/7.36.3"
::1 - - [27/May/2024:17:46:21 +0000] "DELETE /user/delete-user HTTP/1.1" 200 60 "-" "PostmanRuntime/7.36.3"
::1 - - [27/May/2024:17:47:06 +0000] "POST /user/create-user HTTP/1.1" 201 38 "-" "PostmanRuntime/7.36.3"
::1 - - [27/May/2024:17:47:35 +0000] "DELETE /user/delete-user HTTP/1.1" 200 59 "-" "PostmanRuntime/7.36.3"
::1 - - [27/May/2024:18:01:16 +0000] "GET /user/get-users HTTP/1.1" 400 28 "-" "PostmanRuntime/7.36.3"
::1 - - [28/May/2024:19:33:01 +0000] "GET / HTTP/1.1" 304 - "-" "Mozilla/5.0 (Macintosh; Intel Mac OS X 10_15_7) AppleWebKit/537.36 (KHTML, like Gecko) Chrome/125.0.0.0 Safari/537.36"
::1 - - [28/May/2024:19:33:01 +0000] "GET /favicon.ico HTTP/1.1" 404 288 "http://localhost:3600/" "Mozilla/5.0 (Macintosh; Intel Mac OS X 10_15_7) AppleWebKit/537.36 (KHTML, like Gecko) Chrome/125.0.0.0 Safari/537.36"
::1 - - [28/May/2024:19:33:13 +0000] "GET / HTTP/1.1" 304 - "-" "Mozilla/5.0 (Macintosh; Intel Mac OS X 10_15_7) AppleWebKit/537.36 (KHTML, like Gecko) Chrome/125.0.0.0 Safari/537.36"
::1 - - [28/May/2024:19:33:27 +0000] "GET /user/get-users HTTP/1.1" 400 28 "-" "PostmanRuntime/7.36.3"
::1 - - [28/May/2024:19:33:31 +0000] "GET / HTTP/1.1" 304 - "-" "Mozilla/5.0 (Macintosh; Intel Mac OS X 10_15_7) AppleWebKit/537.36 (KHTML, like Gecko) Chrome/125.0.0.0 Safari/537.36"
::1 - - [28/May/2024:19:34:05 +0000] "POST /user/create-user HTTP/1.1" 201 38 "-" "PostmanRuntime/7.36.3"
::1 - - [28/May/2024:19:35:46 +0000] "PATCH /user/update-username HTTP/1.1" 200 30 "-" "PostmanRuntime/7.36.3"
::1 - - [28/May/2024:19:35:48 +0000] "PATCH /user/update-username HTTP/1.1" 200 72 "-" "PostmanRuntime/7.36.3"
::1 - - [28/May/2024:19:35:54 +0000] "PATCH /user/update-username HTTP/1.1" 200 30 "-" "PostmanRuntime/7.36.3"
::1 - - [28/May/2024:19:35:58 +0000] "PATCH /user/update-username HTTP/1.1" 200 72 "-" "PostmanRuntime/7.36.3"
::1 - - [28/May/2024:19:36:02 +0000] "PATCH /user/update-username HTTP/1.1" 200 30 "-" "PostmanRuntime/7.36.3"
::1 - - [28/May/2024:19:36:07 +0000] "PATCH /user/update-username HTTP/1.1" 200 30 "-" "PostmanRuntime/7.36.3"
::1 - - [28/May/2024:19:36:32 +0000] "PATCH /user/update-username HTTP/1.1" 409 85 "-" "PostmanRuntime/7.36.3"
::1 - - [28/May/2024:19:36:50 +0000] "PATCH /user/update-email HTTP/1.1" 200 27 "-" "PostmanRuntime/7.36.3"
::1 - - [28/May/2024:19:36:51 +0000] "PATCH /user/update-email HTTP/1.1" 200 69 "-" "PostmanRuntime/7.36.3"
::1 - - [28/May/2024:19:37:00 +0000] "PATCH /user/update-email HTTP/1.1" 200 27 "-" "PostmanRuntime/7.36.3"
::1 - - [28/May/2024:19:37:05 +0000] "PATCH /user/update-email HTTP/1.1" 409 79 "-" "PostmanRuntime/7.36.3"
::1 - - [28/May/2024:19:37:10 +0000] "PATCH /user/update-email HTTP/1.1" 200 27 "-" "PostmanRuntime/7.36.3"
::1 - - [28/May/2024:19:37:14 +0000] "PATCH /user/update-email HTTP/1.1" 200 69 "-" "PostmanRuntime/7.36.3"
::1 - - [28/May/2024:19:37:19 +0000] "PATCH /user/update-email HTTP/1.1" 409 79 "-" "PostmanRuntime/7.36.3"
