20240515	19:18:06	c3daa764-36ee-4d6f-aedb-603b0b1a7826	GET	/simulate-error	undefined
20240515	19:34:44	f7e9cca8-d4cc-49a9-b8a1-bb667691282f	GET	/simulate-error	undefined
20240515	19:34:54	4855e7b0-e91b-4a5a-80e2-d9e4ad3b60e9	GET	/	undefined
20240515	19:35:39	5eb10d22-d81b-4776-bb05-3f1ef4db6523	GET	/	undefined
20240515	19:42:48	fafb689b-db36-46e4-a426-1f344871da06	GET	/	undefined
20240515	19:43:14	ee973a7c-a1ce-446b-9e1c-ae5b9aa93661	GET	/	undefined
20240515	19:44:15	f1b56be0-69fc-4687-8ba7-524aaee7d8d8	OPTIONS	/	https://www.google.com
20240515	19:44:15	1bb9417b-b41e-4061-a365-7107e81d4515	GET	/	https://www.google.com
20240515	20:52:24	c7fce78f-9d3e-4f04-a412-f1776c97343a	GET	/	undefined
20240516	17:17:37	9b76fa40-0a3e-4766-8c87-57b17481842a	GET	/	undefined
20240516	20:31:00	fd74dbb7-6919-4c01-96f2-6f0f1d997a2c	POST	/user	undefined
20240516	20:33:54	bc317bcd-63c8-4196-bfa1-0926b086b502	POST	/user	undefined
20240516	20:36:33	7b1ec2d8-c6c8-4a0a-964a-a035d64babfd	POST	/user	undefined
20240516	20:36:41	f769db41-2aef-49aa-b2f6-f2dea6e3004d	POST	/user	undefined
20240516	20:37:00	d6f0419d-f006-4b5d-9748-666b329ddd2b	POST	/user	undefined
20240516	20:38:57	3171c5fc-9ead-4c07-80db-7eb7b8870ab4	POST	/user	undefined
20240516	20:41:11	6091a3a0-69a8-469f-96f3-525b59010964	POST	/user	undefined
20240516	20:41:39	2b9d21fd-26b8-4173-92f8-d5b88df500fc	POST	/user	undefined
20240516	20:43:26	2c52df40-e429-445e-85c2-812797afeb2f	POST	/user	undefined
20240516	20:46:48	4b25c4f9-8f96-4c87-81e5-04b0ffc18a71	GET	/	undefined
20240517	19:26:32	2dfb8320-3d86-400e-9265-bfce8e9c62a4	GET	/	undefined
20240517	19:27:02	7295615b-8944-4708-81a6-c456d3607f81	GET	/	undefined
20240517	19:32:42	02aac63e-245c-43cb-b82d-e949e9569722	POST	/user	undefined
20240521	18:16:08	dc8003fb-808e-4f20-83a5-1efbc0a0107e	POST	/user	undefined
20240521	18:17:48	6c60ff93-5e95-428d-9adc-3b31db103357	POST	/user	undefined
20240521	18:17:54	4f47c145-5c40-4fa5-9475-09787c500668	POST	/user	undefined
20240521	18:18:05	c33d069b-d152-4524-8072-168362d16771	POST	/user	undefined
20240521	18:19:51	1827214d-0e99-4998-8348-7bcdbaef5399	POST	/user	undefined
20240521	19:09:18	4d066824-095e-4c39-aad5-ddd1c34a82a9	GET	/	undefined
20240521	19:09:19	430aa20c-8c72-432c-b59e-c615c8f5f84e	GET	/favicon.ico	undefined
20240521	20:59:29	338696b7-b869-4b3a-a3a2-73abd7a83212	POST	/user	undefined
20240522	18:17:18	f9cdb875-c54c-4226-ab14-28cc6b046614	POST	/user	undefined
20240522	18:35:55	50df8ae7-5c1f-46b5-ba86-749cd06cb127	PATCH	/user/update-username	undefined
20240522	18:36:07	5183975b-04ad-4c48-b0fb-1f10dd924bc0	PATCH	/user/update-username	undefined
20240522	18:38:34	1a3408fc-8c73-4460-8779-20804f4508b3	PATCH	/user/update-username	undefined
20240522	18:38:37	d011f6ec-46d2-4a13-aedc-a53df9470e29	PATCH	/user/update-username	undefined
20240522	19:04:52	adbdad5c-afb2-4807-9af2-cae162b3837e	PATCH	/user/update-username	undefined
20240522	19:05:02	47890754-84fa-462c-90f6-43757734690d	PATCH	/user/update-username	undefined
20240522	19:07:06	c143453f-61ac-4c83-943d-356e4d16267a	PATCH	/user/update-username	undefined
20240522	19:07:42	071db8eb-c217-4e30-9441-de575b284950	PATCH	/user/update-username	undefined
20240522	19:07:51	bf440720-3ebd-4a88-88b9-4669974a270c	PATCH	/user/update-username	undefined
20240522	19:09:00	4795797a-c72b-4a03-85b5-6ab702814d3b	PATCH	/user/update-username	undefined
20240522	19:09:04	e783e0e3-bcb9-4581-afc2-c68839c5229f	PATCH	/user/update-username	undefined
20240522	19:09:10	c1445ef9-97cf-4035-a7f1-1f2c953bc536	PATCH	/user/update-username	undefined
20240522	19:09:17	82bee3d1-7856-4db2-baf6-d74a61bc47ee	PATCH	/user/update-username	undefined
20240522	19:12:16	d6c6cce2-8bd8-41d2-a55e-9779062af026	PATCH	/user/update-username	undefined
20240522	19:13:03	58a428e4-23cc-47d1-8fbe-6cd64046058c	POST	/user/create-username	undefined
20240522	19:13:22	e1246460-68c6-4327-9760-a288a1f8acac	POST	/user/create-user	undefined
20240522	19:16:55	c655e4bd-2343-41ec-81be-26ca8a08f5f7	POST	/user/create-user	undefined
20240522	19:17:33	4b8bbff9-2f85-4723-a779-62385785e2ec	POST	/user/create-user	undefined
20240522	19:17:56	24f8c3cd-658f-4b51-abef-09dec80374df	POST	/user/create-user	undefined
20240522	19:19:53	da946b27-9243-43e0-ad9c-b9f2ff26a6cc	POST	/user/create-user	undefined
20240522	19:20:46	0e1dd836-aff3-4f60-aa2f-fbb63fb3b707	POST	/user/create-user	undefined
20240522	19:23:10	83c2e107-d727-4947-9bfd-1ab0135e5c69	POST	/user/create-user	undefined
20240522	19:27:50	d8333de8-3a38-459f-851e-49954a85e937	POST	/user/create-user	undefined
20240522	19:28:10	7bae96d0-5d13-4018-b35b-dfa880c63095	POST	/user/create-user	undefined
20240522	19:29:38	474bf705-f41d-4d06-ac16-d6217fd67e07	POST	/user/create-user	undefined
20240522	19:30:05	a93cc7d8-d973-41da-ab94-37e4f8e35ebd	POST	/user/create-user	undefined
20240522	19:31:18	ebec8478-aff0-4587-b5be-62ce021231d2	POST	/user/create-user	undefined
20240522	19:33:51	279b00ca-4055-4e77-a3cc-c4f42d070aa3	POST	/user/create-user	undefined
20240522	19:35:46	c5ac053d-139c-42fb-9ef5-29262f2f99a1	POST	/user/create-user	undefined
20240522	19:42:11	829badbf-01b7-4ed4-91de-36519d139547	POST	/user/create-user	undefined
20240522	19:43:04	0d2dd239-d8f8-447c-923f-e0b3fcf04821	PATCH	/user/update-username	undefined
20240522	19:43:13	ea4b15ea-ee0b-4ac1-bcd1-a3bfe5502a8a	PATCH	/user/update-username	undefined
20240522	19:43:24	e18ce073-a533-4672-8f29-76a13fe0e00a	PATCH	/user/update-username	undefined
20240522	19:43:55	0080ffd9-963c-4200-af46-1ac71f11111b	PATCH	/user/update-username	undefined
20240522	19:44:23	228d6751-f93e-4f6d-9638-6be8ddaab796	PATCH	/user/update-username	undefined
20240522	19:44:29	17a4f7a4-76cd-459d-8c09-5bf1af06f3c6	PATCH	/user/update-username	undefined
20240522	19:44:37	6e034b45-f0d6-4fc7-970e-284a005f3c7f	PATCH	/user/update-username	undefined
20240522	19:45:00	b869f893-2a1f-42db-8407-c957fda95244	PATCH	/user/update-username	undefined
20240522	19:46:23	007e6876-d292-4d32-a449-ee9f6ac607e0	PATCH	/user/update-username	undefined
20240522	19:46:35	f5229986-72a4-4cf5-b4fd-69dd8ee37835	PATCH	/user/update-username	undefined
20240522	19:46:41	e8dfc46e-ab4d-488c-9ab2-8617f6ef2e54	PATCH	/user/update-username	undefined
20240522	19:49:02	9d3b2992-d80b-4634-937c-c54fcf54893e	PATCH	/user/update-username	undefined
20240522	19:50:45	27bacef9-ad19-4b77-aac5-4b932acee5a2	PATCH	/user/update-username	undefined
20240522	19:51:05	d7d59428-fa15-4967-9aaa-9230de678a0e	PATCH	/user/update-username	undefined
20240522	19:52:12	c7a2db69-9766-4588-aaec-b27f3a6d91d8	PATCH	/user/update-username	undefined
20240522	19:52:18	10dc31dc-5b1f-40f4-a29f-818c3ee967d9	PATCH	/user/update-username	undefined
20240522	19:52:25	e31a8137-1375-4bda-8b24-e4d379608822	PATCH	/user/update-username	undefined
20240522	19:52:31	2b54e31e-f109-4496-a9db-83da4bceb93a	PATCH	/user/update-username	undefined
20240522	19:53:04	ee841ad5-1805-40ec-9a28-aa92dbbcb7c7	POST	/user/create-user	undefined
20240522	19:53:08	a9d26e16-7a69-434c-9bd4-e9dcd422e327	PATCH	/user/update-username	undefined
20240522	19:53:41	a3cae0e6-e7a5-47aa-81a8-406e49b523e5	PATCH	/user/update-username	undefined
20240522	19:53:48	e503fecf-d93f-40c1-93d0-060eb61faa2d	PATCH	/user/update-username	undefined
20240522	19:55:34	d224d06f-52a7-4f70-8d8d-fce625639564	PATCH	/user/update-username	undefined
20240522	19:56:05	37789165-af5e-44d0-869d-87a9b6784adb	PATCH	/user/update-username	undefined
20240522	19:56:45	0fd53b3c-948c-4ae0-8c85-6e8d4869afc1	PATCH	/user/update-username	undefined
20240522	19:57:10	f8fe8a9f-c7e4-41af-ae38-0a046275cd9a	PATCH	/user/update-username	undefined
20240522	19:58:09	6bb017bd-d6fd-4a5f-9cd6-5708bf87f8de	PATCH	/user/update-username	undefined
20240522	19:59:31	c130a449-cd09-4e36-aa0f-e9bf0bbb900c	PATCH	/user/update-username	undefined
20240522	19:59:49	edc91216-77e6-4fdc-9f7c-51b8271b8b25	PATCH	/user/update-username	undefined
20240522	20:03:48	f0de4de4-6db3-4d22-ba81-4693fb0d85fc	PATCH	/user/update-username	undefined
20240522	20:04:24	cd7e7485-0919-4766-a3fe-46dd617bdb5d	POST	/user/create-user	undefined
20240522	20:05:00	bcb32727-a7df-41d0-b33e-d146e9d0832a	PATCH	/user/update-username	undefined
20240522	20:05:07	d7493573-ba68-4cb5-9a0e-5704ef19b208	PATCH	/user/update-username	undefined
20240522	20:05:12	1f308201-fa44-4730-b902-0f40c015cf0b	PATCH	/user/update-username	undefined
20240522	20:05:17	fc45f626-2e01-4650-a667-6ff366e4829b	PATCH	/user/update-username	undefined
20240522	20:06:35	592476e6-2147-4256-a735-339ac05383f9	POST	/user/create-user	undefined
20240522	20:07:03	0a65c348-7f50-4b08-ac37-63385019cabc	PATCH	/user/update-username	undefined
20240522	20:07:22	35e9930f-385d-4948-8ae5-92b1934bf3bc	PATCH	/user/update-username	undefined
20240522	20:07:44	e1620673-9254-4c7a-a1b5-4909d124dc15	PATCH	/user/update-username	undefined
20240522	20:07:51	30d1bebf-fab3-48ec-a6c3-ac17fd10f4e4	PATCH	/user/update-username	undefined
20240522	20:07:57	a0917ebd-cc97-41cb-9975-bd7dadba1710	PATCH	/user/update-username	undefined
20240522	20:08:54	88002c83-dae9-42b3-8de8-222dd66a3a7d	PATCH	/user/update-username	undefined
20240522	20:21:47	175618c8-6375-4c51-a67b-85166b36d9ca	PATCH	/user/update-username	undefined
20240522	20:31:51	8faa5271-200b-4b53-9712-674ac998d32f	PATCH	/user/update-email	undefined
20240522	20:31:58	f52f0e7c-2e10-4769-886c-feca498da7ac	PATCH	/user/update-email	undefined
20240522	20:32:46	2b62b046-d4bb-4014-9c53-3a453135515c	PATCH	/user/update-email	undefined
20240522	20:32:58	dcecc7b2-7f09-4574-8497-acc7dea352ca	POST	/user/create-user	undefined
20240522	20:34:11	731b5df2-390b-45fc-b54b-66f26fbca5c9	PATCH	/user/update-username	undefined
20240522	20:34:17	e2e9d5c9-7f6c-49eb-8076-c2f7c6a0b2ed	PATCH	/user/update-email	undefined
20240522	20:34:43	981d3962-84d7-4ef0-85a8-11b81fd7c2f2	POST	/user/create-user	undefined
20240522	20:35:10	18f964b5-98e3-4238-885a-b7b3d8f98258	PATCH	/user/update-username	undefined
20240522	20:35:18	f505af70-3b7e-427f-a1f1-c1bcd4ab9623	PATCH	/user/update-email	undefined
20240522	20:35:28	86e22e41-b7f9-4e90-bf01-8daeb300f39a	PATCH	/user/update-username	undefined
20240522	20:35:37	f119076a-c741-411e-8405-8991a11a5965	PATCH	/user/update-email	undefined
20240522	20:35:43	f76531e2-7fe7-476b-8557-a0316c1b43da	PATCH	/user/update-username	undefined
20240522	20:42:22	5475523e-7e03-4aee-aeb8-cd555ade240b	POST	/user/create-user	undefined
20240522	20:42:56	9de7968a-64b2-4e54-86bf-75b8a85657d0	POST	/user/create-user	undefined
20240522	20:44:22	55506203-f338-41d7-a815-7a2e8f22ba01	POST	/user/create-user	undefined
20240522	20:45:12	bae635f8-86b0-4e8f-9e3c-9714c477bfa9	PATCH	/user/update-username	undefined
20240522	20:45:21	a24c74f5-0925-4aad-b7fc-62f8463fa22b	PATCH	/user/update-email	undefined
20240522	20:47:44	88c697f2-d784-4dbd-8108-df4daef17f0f	POST	/user/create-user	undefined
20240522	20:48:50	92b7eea8-27c3-4172-8e4e-f355b82cbb90	POST	/user/create-user	undefined
20240522	20:49:14	c4335435-629c-4065-b345-c44b0272b7ef	PATCH	/user/update-username	undefined
20240522	20:49:21	c79f9d54-f45e-428c-93dd-3503b9b09962	PATCH	/user/update-email	undefined
20240522	20:50:44	3f33c16b-eb36-4dff-a9d1-218c45d6615a	PATCH	/user/update-email	undefined
20240522	20:50:49	9e83228e-8f8b-4011-aa09-2c1397be32d2	PATCH	/user/update-email	undefined
20240522	20:51:18	da0d9e6c-dfa8-41b2-ba34-70136d465319	PATCH	/user/update-email	undefined
20240522	20:51:29	84c72374-45f3-4ade-9891-68c29c13b786	PATCH	/user/update-email	undefined
20240522	20:52:16	809276b5-093f-42e5-8537-a4b75ab9f356	PATCH	/user/update-username	undefined
20240522	20:52:22	5aa70dd5-11ba-4fbd-b6be-3680e930dfd7	PATCH	/user/update-username	undefined
20240522	20:52:28	1c504389-6ec3-47be-b888-5764f7112198	PATCH	/user/update-username	undefined
20240522	20:52:29	5f2d7e5c-7bc3-469b-a38b-ed82d05ae60e	PATCH	/user/update-username	undefined
20240522	20:52:32	a11aae12-4459-4ea9-b7a3-51805a3b7a15	PATCH	/user/update-username	undefined
20240522	20:52:38	8bb42c26-2a16-4798-8716-00335a4699a3	PATCH	/user/update-username	undefined
20240522	20:53:16	969e16ff-442b-4b60-b0c7-afa5b31cac8d	PATCH	/user/update-username	undefined
20240522	20:53:21	2c59c80d-c36b-462b-93e5-d854a18e0259	PATCH	/user/update-email	undefined
20240522	20:53:26	2c24ed86-6b77-441e-9579-478c539fb5b5	PATCH	/user/update-email	undefined
20240522	20:53:29	fff45501-8f45-45a8-80b8-32684c0d9382	PATCH	/user/update-username	undefined
20240522	20:53:34	ad9f659f-cf47-450c-a9da-984a7a1ae278	PATCH	/user/update-username	undefined
20240522	20:53:38	7f10f7b5-8db1-4926-bb35-6a208874df66	PATCH	/user/update-username	undefined
20240522	20:53:44	2dd30112-3133-4642-bafd-d76b3d616a35	PATCH	/user/update-username	undefined
20240522	20:55:10	9af7e286-e27d-44e4-a211-890a4eb7a027	PATCH	/user/update-username	undefined
20240522	20:55:15	4ddcf041-94db-4246-b570-e9918a8c3484	PATCH	/user/update-username	undefined
20240522	20:56:37	38da98b5-e184-41c5-840e-5154d5b71c2f	POST	/user/create-user	undefined
20240522	20:57:11	049450e0-0805-418c-bf6d-b467750511ee	PATCH	/user/update-username	undefined
20240522	20:59:34	5ba94457-8f8d-49f7-8638-69a825b32cf4	PATCH	/user/update-username	undefined
20240522	20:59:39	b6aeab7f-172b-437a-b26f-5f51617e5190	PATCH	/user/update-email	undefined
20240522	20:59:47	ddf4d007-243c-407d-aac3-cd2ec67af375	PATCH	/user/update-username	undefined
20240522	21:05:46	15dc1bbd-5378-4608-af2b-781c68db2150	PATCH	/user/update-username	undefined
20240522	21:09:35	2530ce4c-2645-4e8f-8543-8f66e4b41f6f	PATCH	/user/update-username	undefined
20240522	21:12:26	3366ee3f-a432-477d-9ade-fef9f254f70c	POST	/user/create-user	undefined
20240522	21:12:56	9f97af7e-9d2a-45de-b1a6-d354d014260c	POST	/user/create-user	undefined
20240522	21:13:34	acc9da4d-bb6e-4318-8241-c7af1035419a	PATCH	/user/update-username	undefined
20240522	21:14:43	21a30d2b-15a0-4b94-bae2-6f932d4c553d	PATCH	/user/update-username	undefined
20240522	21:15:36	0fc5f6a8-1a91-44dd-a97e-ebc318951f20	PATCH	/user/update-username	undefined
20240522	21:17:13	39b2e63a-6009-462f-8b34-98c696e87706	PATCH	/user/update-username	undefined
20240522	21:19:10	c368c730-63e7-40dc-b5b9-e30481efe907	PATCH	/user/update-username	undefined
20240522	21:20:16	b9ff9a21-9268-45da-a36f-d86114866f23	PATCH	/user/update-username	undefined
20240522	21:21:04	4673dab8-25a2-44b5-9b02-37eb7affa4b8	PATCH	/user/update-username	undefined
20240522	21:21:32	b183076c-bd7c-4829-b56b-c0069793a8b3	PATCH	/user/update-username	undefined
20240522	21:22:59	42adce80-95af-48c5-93db-391c4d54e342	PATCH	/user/update-username	undefined
20240522	21:25:29	d2d63d62-6cfb-48e6-918d-ca04e49c39f9	PATCH	/user/update-username	undefined
20240522	21:28:03	87f55f29-b2fb-4b37-bfd3-1d5136fe3ddc	PATCH	/user/update-username	undefined
20240522	21:28:47	cc973397-8f42-4572-989f-7ebe639b106a	POST	/user/create-user	undefined
20240522	21:28:52	df4f4731-4398-4672-bd7a-d8184840dfb6	PATCH	/user/update-username	undefined
20240522	21:29:37	2b09e3e6-f6b8-49a4-aad8-e52a6dc3b1e2	PATCH	/user/update-username	undefined
20240522	21:31:16	74e26bbb-a95b-4d4d-b87a-766f892ccfc1	POST	/user/create-user	undefined
20240522	21:31:47	fb19c1e3-4ac6-4169-b2f6-cffef097f7ea	PATCH	/user/update-username	undefined
20240522	21:32:00	50fe8af4-6f13-4515-ae6e-da69f3923672	PATCH	/user/update-email	undefined
20240522	21:32:03	823afd7c-acd2-432c-9ccf-7f7a338a025c	PATCH	/user/update-email	undefined
20240522	21:32:06	bfb48de0-c39c-49ef-8f37-4c085450e200	PATCH	/user/update-username	undefined
20240522	21:34:00	dd981315-da5f-4db0-9d96-313757cd8999	PATCH	/user/update-username	undefined
20240522	21:34:06	c3f1936c-b1cf-4dbe-bfc5-b136b62b089e	PATCH	/user/update-username	undefined
20240522	21:34:30	65ab05fd-3bee-45e5-a56e-11bff2d86db2	POST	/user/create-user	undefined
20240522	21:35:02	c9d6bd1c-29d1-4d5a-8bf8-c95638315035	PATCH	/user/update-username	undefined
20240522	22:11:03	a1706e01-ad50-440e-b71e-94ad8f10c58e	PATCH	/user/update-username	undefined
20240522	22:12:03	170470fd-4136-4a93-9e0e-47858a245050	PATCH	/user/update-username	undefined
20240522	22:12:10	b7c73eb4-4d18-4939-a5db-c65e83636611	PATCH	/user/update-username	undefined
20240522	22:14:02	315f7024-5c18-4544-91e9-7fa84549cb7b	PATCH	/user/update-username	undefined
20240522	22:14:17	08ee676a-cd73-436d-8d47-539e1b2f154c	PATCH	/user/update-username	undefined
20240523	18:16:17	2c51a08a-5e9f-4654-8835-8925c196c2e8	PATCH	/user/update-username	undefined
20240523	18:16:30	c4e55cf0-8c1c-4e3f-b96e-360d6207e8cb	PATCH	/user/update-username	undefined
20240523	18:16:36	bd4edce4-9ba0-4160-8e86-56ff93666749	PATCH	/user/update-username	undefined
20240523	18:49:30	02846ecd-334e-486c-bb12-ba5225c2ea06	PATCH	/user/update-username	undefined
20240523	18:59:14	3a164b9a-056c-4485-8136-a5bc57ced7b4	PATCH	/user/update-username	undefined
20240523	19:01:03	73ea9dea-9574-416f-a775-e0301e96bb2f	PATCH	/user/update-username	undefined
20240523	19:02:06	7df3d86d-3d5d-40de-8df6-e12a67747c61	PATCH	/user/update-username	undefined
20240523	19:05:04	2ab7894b-e15f-42f4-a351-227f43e0df0c	PATCH	/user/update-username	undefined
20240523	19:05:09	134954f7-f9bc-43bd-9404-0b2595121f6e	PATCH	/user/update-username	undefined
20240523	19:05:29	b060aa00-d472-4b55-a73e-de9ab962fc9d	PATCH	/user/update-email	undefined
20240523	19:05:41	0c6865ef-2784-49cf-a869-7929e87cba3c	PATCH	/user/update-email	undefined
20240523	19:08:34	3610826f-9074-4687-94ed-2a7a3ade1c63	PATCH	/user/update-email	undefined
20240523	19:26:29	85b30950-d29a-4337-b018-85023a0a6884	PATCH	/user/update-email	undefined
20240523	19:36:06	3de3d489-fdda-47e0-a929-60bbaba02169	DELETE	/user/delete-user	undefined
20240523	19:36:43	9da5a754-c784-48f0-9ea5-4205cfe87287	DELETE	/user/delete-user	undefined
20240523	19:37:52	a2a20483-75a0-4bdc-86ed-1f7a00b9f85a	POST	/user/create-user	undefined
20240523	19:38:29	c02f4cb7-1f26-4803-b3a8-09181b19340c	PATCH	/user/update-username	undefined
20240523	19:38:40	98f8f0e9-0a66-4c22-8fdb-43df4f1c65d9	PATCH	/user/update-email	undefined
20240523	19:39:31	7880685b-2807-4e1a-ba67-39322e8ffd08	DELETE	/user/delete-user	undefined
20240523	19:43:32	31f83a46-0997-43e9-9868-bc870af6909c	POST	/user/create-user	undefined
20240523	19:44:20	52844803-5a9c-4a79-af33-8163214c3198	PATCH	/user/update-username	undefined
20240523	19:44:28	f56cf0bf-f32a-419f-9461-23d5acd10e70	PATCH	/user/update-email	undefined
20240523	19:44:58	beec6813-1d0a-4b5e-bc41-3c1a12e98ad1	DELETE	/user/delete-user	undefined
20240523	19:56:04	2fb98733-7843-4db6-bc34-76f1b023f9f3	GET	/	undefined
20240523	20:05:00	31ae40d6-543a-4de5-b6e2-dbaeb6b7bf56	POST	/user/create-user	undefined
20240523	20:05:42	09ac62d4-0f21-4fc5-bd69-d557e726d288	PATCH	/user/update-username	undefined
20240523	20:05:50	dbd2384a-48ad-40f5-bbb4-e6708bab76d4	PATCH	/user/update-email	undefined
20240523	20:06:09	ae02beee-5082-49a0-b094-0b207f33c10c	DELETE	/user/delete-user	undefined
20240527	17:04:25	781f756c-2302-43c2-83f6-260ca774862b	DELETE	/user/delete-user	undefined
20240527	17:05:06	c0310a6f-ce13-45d4-8711-3be61699a850	POST	/user/create-user	undefined
20240527	17:05:10	c0e5282b-b908-4ca7-a408-4c2f56090a2d	PATCH	/user/update-username	undefined
20240527	17:05:46	037ca736-eef7-4f54-b577-0d365c5ccbf1	PATCH	/user/update-username	undefined
20240527	17:05:57	77867e4d-beb4-47a3-921a-4c0926f8b8e2	PATCH	/user/update-email	undefined
20240527	17:06:29	2538c46e-6577-4131-af32-6b4b7bb4c646	DELETE	/user/delete-user	undefined
20240527	17:09:46	92a8e62b-92b9-42a3-93c5-68133a39bfd5	POST	/user/create-user	undefined
20240527	17:10:12	f6f9133a-8bb9-4a0f-8398-97dfa1363a3c	PATCH	/user/update-username	undefined
20240527	17:10:19	a17ee748-58ba-4503-9a49-c8671ba806d0	PATCH	/user/update-email	undefined
20240527	17:10:26	42eada34-658c-4f20-bd02-7e73ea4509f4	DELETE	/user/delete-user	undefined
20240527	17:12:15	b34dd5c6-d8b3-44a0-a40e-679258b7eb25	POST	/user/create-user	undefined
20240527	17:12:47	b05dd8ef-ea12-40ac-8acd-f65d955650ad	PATCH	/user/update-username	undefined
20240527	17:12:53	9aaa5fae-54f9-4d28-ba16-13bbd66c7a82	PATCH	/user/update-email	undefined
20240527	17:13:01	f421b358-150d-4ce1-be83-b6f0067c2393	DELETE	/user/delete-user	undefined
20240527	17:13:51	1b94fea7-e9f4-43aa-a541-10151b1a690a	POST	/user/create-user	undefined
20240527	17:14:13	feca240b-b129-432e-830f-287b0e7b001a	PATCH	/user/update-username	undefined
20240527	17:14:20	73811ab9-8907-4928-ae21-bee78e4077ad	PATCH	/user/update-email	undefined
20240527	17:14:26	65b45284-ea89-43e8-b167-9cf92bf96a4d	DELETE	/user/delete-user	undefined
20240527	17:15:59	907f451a-c6ed-4073-bf6c-bf51710701fc	POST	/user/create-user	undefined
20240527	17:16:24	c23acb30-7d3e-4bb4-ab44-43aa9000c7bb	PATCH	/user/update-username	undefined
20240527	17:16:30	edd378b2-c5f0-45c4-a057-8f67cac328b3	PATCH	/user/update-email	undefined
20240527	17:16:37	3fba3c3b-e450-428b-b4da-0b927b041ee3	DELETE	/user/delete-user	undefined
20240527	17:17:14	2e8ad8fa-4bb3-48ee-bbdd-52817df62552	POST	/user/create-user	undefined
20240527	17:17:27	1c9da40c-54ef-4734-9eec-9d76d9d33eb0	POST	/user/create-user	undefined
20240527	17:18:12	45ba9d89-f303-42e1-86e9-b0e6e189f5b1	PATCH	/user/update-username	undefined
20240527	17:18:23	beb47bbe-3be6-4661-8070-d8382965b62f	PATCH	/user/update-email	undefined
20240527	17:19:12	9e8147b4-500d-47a5-b752-e44fa7941df0	PATCH	/user/update-username	undefined
20240527	17:19:21	1c7c09b3-c84a-414c-ad28-c6b2e01a8cb3	PATCH	/user/update-email	undefined
20240527	17:19:53	464947a6-1579-4ffa-a037-2c2ba9e169ea	DELETE	/user/delete-user	undefined
20240527	17:24:34	55ac96b1-4e77-4259-830a-ba0e87f4628a	POST	/user/create-user	undefined
20240527	17:25:14	d445135e-e0f4-4824-a9e6-d5186e9a0d56	PATCH	/user/update-username	undefined
20240527	17:25:23	a32ff7a2-4890-496c-a15b-e28af8daa58a	PATCH	/user/update-email	undefined
20240527	17:26:16	d8240ea4-4bd0-4af0-b6e1-969837c8e5ac	POST	/user/create-user	undefined
20240527	17:26:28	98048263-dd99-407c-be7c-2f75df7e5137	DELETE	/user/delete-user	undefined
20240527	17:27:06	fb35582e-3a9f-4ade-9c68-623851a67c57	DELETE	/user/delete-user	undefined
20240527	17:27:56	f6f48041-a793-426e-b502-dd5d3d693555	DELETE	/user/delete-user	undefined
20240527	17:28:25	4bce11c1-cbc0-4f2b-aa0a-a2a3b38f03ca	DELETE	/user/delete-user	undefined
20240527	17:29:30	2ada6ec6-7418-4725-8b39-c3925fcb7122	POST	/user/create-user	undefined
20240527	17:29:39	18139d48-ae1b-4cb6-9e66-0dc4e2e05080	POST	/user/create-user	undefined
20240527	17:30:45	5cc45eef-beb3-4110-bbdf-8eba992daf56	DELETE	/user/delete-user	undefined
20240527	17:31:38	60018df4-524d-489a-9ef8-ba355d1136b9	PATCH	/user/update-username	undefined
20240527	17:31:47	93c6ec2b-b591-4c8b-a0a6-0c892fe488f3	PATCH	/user/update-email	undefined
20240527	17:32:15	bd8f26e9-eb58-4463-8145-b92f65d800ad	DELETE	/user/delete-user	undefined
20240527	17:34:51	3de345d0-bec2-434d-a863-2233869894bb	POST	/user/create-user	undefined
20240527	17:35:23	e67b4ad0-0b4b-466a-a0ca-0acd8b717ae5	DELETE	/user/delete-user	undefined
20240527	17:36:14	07b05c0a-b709-4b1d-8b40-6744a630c165	POST	/user/create-user	undefined
20240527	17:36:22	4a248309-9758-4197-bdce-cf6e899d41ff	POST	/user/create-user	undefined
20240527	17:36:54	8cedf96a-a777-41b0-99ac-1b6c2e692c43	PATCH	/user/update-username	undefined
20240527	17:37:03	ff9f307e-1ee3-4a7a-a642-b941967bad71	PATCH	/user/update-email	undefined
20240527	17:37:33	d176a1f3-deea-4871-8cab-036a618f7223	DELETE	/user/delete-user	undefined
20240527	17:38:21	a2ee5609-107c-43e8-9780-841cbc4fb4cf	DELETE	/user/delete-user	undefined
20240527	18:41:26	8570ad48-4746-4940-97c4-d31dd9517878	POST	/user/create-user	undefined
20240527	18:42:11	3282bad9-16ce-4a6d-b6f6-a317197d6e12	PATCH	/user/update-username	undefined
20240527	18:42:22	75a24de4-38d8-4d11-83e1-e3fd2d170f58	PATCH	/user/update-email	undefined
20240527	18:42:46	368e6d82-f60c-4760-847c-11ad4250ca7f	DELETE	/user/delete-user	undefined
20240527	18:45:20	a2ed3f20-4184-4d97-890a-bafe44b446cb	POST	/user/create-user	undefined
20240527	18:45:55	6aef928b-bc2d-46cf-9485-23e8b97363af	PATCH	/user/update-username	undefined
20240527	18:46:01	b0474fe5-3dcb-4b10-9d6a-663eb9d65fd5	PATCH	/user/update-email	undefined
20240527	18:46:21	7033e4ed-9b5b-45fa-8ec1-75bc44a941cf	DELETE	/user/delete-user	undefined
20240527	18:47:06	a690f732-a758-435d-a817-399e8043fec9	POST	/user/create-user	undefined
20240527	18:47:35	85a7e12f-2fc2-4c1e-bc46-8ec3e52868f5	DELETE	/user/delete-user	undefined
20240527	19:01:16	ab9bfd03-455e-40da-9714-05fd5af57077	GET	/user/get-users	undefined
